2019-02-06 00:36:43:215[main] DEBUG o2o.dao.ShopDao.queryShopList - ==>  Preparing: SELECT s.shop_id, s.shop_name, s.shop_desc, s.shop_addr, s.phone, s.shop_img, s.priority, s.create_time, s.last_edit_time, s.enable_status, s.advice, a.area_id, a.area_name, sc.shop_category_id, sc.shop_category_name FROM tb_shop s, tb_area a, tb_shop_category sc WHERE s.shop_category_id in (select shop_category_id from tb_shop_category WHERE parent_id=?) AND s.area_id=a.area_id AND s.shop_category_id=sc.shop_category_id ORDER BY s.priority DESC LIMIT ?,?; 
2019-02-06 00:36:43:254[main] DEBUG o2o.dao.ShopDao.queryShopList - ==> Parameters: 12(Long), 0(Integer), 6(Integer)
2019-02-06 00:36:43:279[main] DEBUG o2o.dao.ShopDao.queryShopList - <==      Total: 6
2019-02-06 00:36:43:285[main] DEBUG o2o.dao.ShopDao.queryShopCount - ==>  Preparing: SELECT count(1) FROM tb_shop s, tb_area a, tb_shop_category sc WHERE s.shop_category_id in (select shop_category_id from tb_shop_category WHERE parent_id=?) AND s.area_id=a.area_id AND s.shop_category_id=sc.shop_category_id 
2019-02-06 00:36:43:286[main] DEBUG o2o.dao.ShopDao.queryShopCount - ==> Parameters: 12(Long)
2019-02-06 00:36:43:287[main] DEBUG o2o.dao.ShopDao.queryShopCount - <==      Total: 1
2019-02-06 00:37:35:008[main] DEBUG o2o.dao.ShopDao.queryShopList - ==>  Preparing: SELECT s.shop_id, s.shop_name, s.shop_desc, s.shop_addr, s.phone, s.shop_img, s.priority, s.create_time, s.last_edit_time, s.enable_status, s.advice, a.area_id, a.area_name, sc.shop_category_id, sc.shop_category_name FROM tb_shop s, tb_area a, tb_shop_category sc WHERE s.shop_category_id in (select shop_category_id from tb_shop_category WHERE parent_id=?) AND s.area_id=a.area_id AND s.shop_category_id=sc.shop_category_id ORDER BY s.priority DESC LIMIT ?,?; 
2019-02-06 00:37:35:035[main] DEBUG o2o.dao.ShopDao.queryShopList - ==> Parameters: 12(Long), 0(Integer), 6(Integer)
2019-02-06 00:37:35:053[main] DEBUG o2o.dao.ShopDao.queryShopList - <==      Total: 3
2019-02-06 00:37:35:060[main] DEBUG o2o.dao.ShopDao.queryShopCount - ==>  Preparing: SELECT count(1) FROM tb_shop s, tb_area a, tb_shop_category sc WHERE s.shop_category_id in (select shop_category_id from tb_shop_category WHERE parent_id=?) AND s.area_id=a.area_id AND s.shop_category_id=sc.shop_category_id 
2019-02-06 00:37:35:061[main] DEBUG o2o.dao.ShopDao.queryShopCount - ==> Parameters: 12(Long)
2019-02-06 00:37:35:063[main] DEBUG o2o.dao.ShopDao.queryShopCount - <==      Total: 1
2019-02-06 00:43:51:132[main] DEBUG o2o.dao.ShopDao.queryShopList - ==>  Preparing: SELECT s.shop_id, s.shop_name, s.shop_desc, s.shop_addr, s.phone, s.shop_img, s.priority, s.create_time, s.last_edit_time, s.enable_status, s.advice, a.area_id, a.area_name, sc.shop_category_id, sc.shop_category_name FROM tb_shop s, tb_area a, tb_shop_category sc WHERE s.shop_category_id in (select shop_category_id from tb_shop_category WHERE parent_id=?) AND s.area_id=a.area_id AND s.shop_category_id=sc.shop_category_id ORDER BY s.priority DESC LIMIT ?,?; 
2019-02-06 00:43:51:157[main] DEBUG o2o.dao.ShopDao.queryShopList - ==> Parameters: 5(Long), 0(Integer), 6(Integer)
2019-02-06 00:43:51:170[main] DEBUG o2o.dao.ShopDao.queryShopList - <==      Total: 0
2019-02-06 00:43:51:175[main] DEBUG o2o.dao.ShopDao.queryShopCount - ==>  Preparing: SELECT count(1) FROM tb_shop s, tb_area a, tb_shop_category sc WHERE s.shop_category_id in (select shop_category_id from tb_shop_category WHERE parent_id=?) AND s.area_id=a.area_id AND s.shop_category_id=sc.shop_category_id 
2019-02-06 00:43:51:175[main] DEBUG o2o.dao.ShopDao.queryShopCount - ==> Parameters: 5(Long)
2019-02-06 00:43:51:177[main] DEBUG o2o.dao.ShopDao.queryShopCount - <==      Total: 1
2019-02-06 00:44:21:839[main] DEBUG o2o.dao.ShopDao.queryShopList - ==>  Preparing: SELECT s.shop_id, s.shop_name, s.shop_desc, s.shop_addr, s.phone, s.shop_img, s.priority, s.create_time, s.last_edit_time, s.enable_status, s.advice, a.area_id, a.area_name, sc.shop_category_id, sc.shop_category_name FROM tb_shop s, tb_area a, tb_shop_category sc WHERE s.shop_category_id in (select shop_category_id from tb_shop_category WHERE parent_id=?) AND s.area_id=a.area_id AND s.shop_category_id=sc.shop_category_id ORDER BY s.priority DESC LIMIT ?,?; 
2019-02-06 00:44:21:868[main] DEBUG o2o.dao.ShopDao.queryShopList - ==> Parameters: 6(Long), 0(Integer), 6(Integer)
2019-02-06 00:44:21:882[main] DEBUG o2o.dao.ShopDao.queryShopList - <==      Total: 0
2019-02-06 00:44:21:888[main] DEBUG o2o.dao.ShopDao.queryShopCount - ==>  Preparing: SELECT count(1) FROM tb_shop s, tb_area a, tb_shop_category sc WHERE s.shop_category_id in (select shop_category_id from tb_shop_category WHERE parent_id=?) AND s.area_id=a.area_id AND s.shop_category_id=sc.shop_category_id 
2019-02-06 00:44:21:888[main] DEBUG o2o.dao.ShopDao.queryShopCount - ==> Parameters: 6(Long)
2019-02-06 00:44:21:890[main] DEBUG o2o.dao.ShopDao.queryShopCount - <==      Total: 1
2019-02-06 00:44:34:792[main] DEBUG o2o.dao.ShopDao.queryShopList - ==>  Preparing: SELECT s.shop_id, s.shop_name, s.shop_desc, s.shop_addr, s.phone, s.shop_img, s.priority, s.create_time, s.last_edit_time, s.enable_status, s.advice, a.area_id, a.area_name, sc.shop_category_id, sc.shop_category_name FROM tb_shop s, tb_area a, tb_shop_category sc WHERE s.shop_category_id in (select shop_category_id from tb_shop_category WHERE parent_id=?) AND s.area_id=a.area_id AND s.shop_category_id=sc.shop_category_id ORDER BY s.priority DESC LIMIT ?,?; 
2019-02-06 00:44:34:822[main] DEBUG o2o.dao.ShopDao.queryShopList - ==> Parameters: 13(Long), 0(Integer), 6(Integer)
2019-02-06 00:44:34:837[main] DEBUG o2o.dao.ShopDao.queryShopList - <==      Total: 0
2019-02-06 00:44:34:843[main] DEBUG o2o.dao.ShopDao.queryShopCount - ==>  Preparing: SELECT count(1) FROM tb_shop s, tb_area a, tb_shop_category sc WHERE s.shop_category_id in (select shop_category_id from tb_shop_category WHERE parent_id=?) AND s.area_id=a.area_id AND s.shop_category_id=sc.shop_category_id 
2019-02-06 00:44:34:844[main] DEBUG o2o.dao.ShopDao.queryShopCount - ==> Parameters: 13(Long)
2019-02-06 00:44:34:845[main] DEBUG o2o.dao.ShopDao.queryShopCount - <==      Total: 1
2019-02-06 00:44:42:415[main] DEBUG o2o.dao.ShopDao.queryShopList - ==>  Preparing: SELECT s.shop_id, s.shop_name, s.shop_desc, s.shop_addr, s.phone, s.shop_img, s.priority, s.create_time, s.last_edit_time, s.enable_status, s.advice, a.area_id, a.area_name, sc.shop_category_id, sc.shop_category_name FROM tb_shop s, tb_area a, tb_shop_category sc WHERE s.shop_category_id in (select shop_category_id from tb_shop_category WHERE parent_id=?) AND s.area_id=a.area_id AND s.shop_category_id=sc.shop_category_id ORDER BY s.priority DESC LIMIT ?,?; 
2019-02-06 00:44:42:442[main] DEBUG o2o.dao.ShopDao.queryShopList - ==> Parameters: 12(Long), 0(Integer), 6(Integer)
2019-02-06 00:44:42:460[main] DEBUG o2o.dao.ShopDao.queryShopList - <==      Total: 3
2019-02-06 00:44:42:467[main] DEBUG o2o.dao.ShopDao.queryShopCount - ==>  Preparing: SELECT count(1) FROM tb_shop s, tb_area a, tb_shop_category sc WHERE s.shop_category_id in (select shop_category_id from tb_shop_category WHERE parent_id=?) AND s.area_id=a.area_id AND s.shop_category_id=sc.shop_category_id 
2019-02-06 00:44:42:467[main] DEBUG o2o.dao.ShopDao.queryShopCount - ==> Parameters: 12(Long)
2019-02-06 00:44:42:469[main] DEBUG o2o.dao.ShopDao.queryShopCount - <==      Total: 1
2019-02-06 00:46:14:877[main] DEBUG o2o.dao.ShopDao.queryShopList - ==>  Preparing: SELECT s.shop_id, s.shop_name, s.shop_desc, s.shop_addr, s.phone, s.shop_img, s.priority, s.create_time, s.last_edit_time, s.enable_status, s.advice, a.area_id, a.area_name, sc.shop_category_id, sc.shop_category_name FROM tb_shop s, tb_area a, tb_shop_category sc WHERE s.shop_category_id in (select shop_category_id from tb_shop_category WHERE parent_id=?) AND s.area_id=a.area_id AND s.shop_category_id=sc.shop_category_id ORDER BY s.priority DESC LIMIT ?,?; 
2019-02-06 00:46:14:903[main] DEBUG o2o.dao.ShopDao.queryShopList - ==> Parameters: 12(Long), 0(Integer), 6(Integer)
2019-02-06 00:46:14:920[main] DEBUG o2o.dao.ShopDao.queryShopList - <==      Total: 4
2019-02-06 00:46:14:925[main] DEBUG o2o.dao.ShopDao.queryShopCount - ==>  Preparing: SELECT count(1) FROM tb_shop s, tb_area a, tb_shop_category sc WHERE s.shop_category_id in (select shop_category_id from tb_shop_category WHERE parent_id=?) AND s.area_id=a.area_id AND s.shop_category_id=sc.shop_category_id 
2019-02-06 00:46:14:926[main] DEBUG o2o.dao.ShopDao.queryShopCount - ==> Parameters: 12(Long)
2019-02-06 00:46:14:928[main] DEBUG o2o.dao.ShopDao.queryShopCount - <==      Total: 1
